running egg_info
creating ../../build/realsense_pub_py/realsense_pub_py.egg-info
writing ../../build/realsense_pub_py/realsense_pub_py.egg-info/PKG-INFO
writing dependency_links to ../../build/realsense_pub_py/realsense_pub_py.egg-info/dependency_links.txt
writing entry points to ../../build/realsense_pub_py/realsense_pub_py.egg-info/entry_points.txt
writing requirements to ../../build/realsense_pub_py/realsense_pub_py.egg-info/requires.txt
writing top-level names to ../../build/realsense_pub_py/realsense_pub_py.egg-info/top_level.txt
writing manifest file '../../build/realsense_pub_py/realsense_pub_py.egg-info/SOURCES.txt'
reading manifest file '../../build/realsense_pub_py/realsense_pub_py.egg-info/SOURCES.txt'
writing manifest file '../../build/realsense_pub_py/realsense_pub_py.egg-info/SOURCES.txt'
running build
running build_py
creating /home/ryleighbyrne/marker_finder_new_ws/build/realsense_pub_py/build/lib/realsense_pub_py
copying realsense_pub_py/marker_finder_publisher.py -> /home/ryleighbyrne/marker_finder_new_ws/build/realsense_pub_py/build/lib/realsense_pub_py
copying realsense_pub_py/__init__.py -> /home/ryleighbyrne/marker_finder_new_ws/build/realsense_pub_py/build/lib/realsense_pub_py
running install
running install_lib
creating /home/ryleighbyrne/marker_finder_new_ws/install/realsense_pub_py/lib/python3.10/site-packages/realsense_pub_py
copying /home/ryleighbyrne/marker_finder_new_ws/build/realsense_pub_py/build/lib/realsense_pub_py/marker_finder_publisher.py -> /home/ryleighbyrne/marker_finder_new_ws/install/realsense_pub_py/lib/python3.10/site-packages/realsense_pub_py
copying /home/ryleighbyrne/marker_finder_new_ws/build/realsense_pub_py/build/lib/realsense_pub_py/__init__.py -> /home/ryleighbyrne/marker_finder_new_ws/install/realsense_pub_py/lib/python3.10/site-packages/realsense_pub_py
byte-compiling /home/ryleighbyrne/marker_finder_new_ws/install/realsense_pub_py/lib/python3.10/site-packages/realsense_pub_py/marker_finder_publisher.py to marker_finder_publisher.cpython-310.pyc
byte-compiling /home/ryleighbyrne/marker_finder_new_ws/install/realsense_pub_py/lib/python3.10/site-packages/realsense_pub_py/__init__.py to __init__.cpython-310.pyc
running install_data
creating /home/ryleighbyrne/marker_finder_new_ws/install/realsense_pub_py/share/ament_index/resource_index/packages
copying resource/realsense_pub_py -> /home/ryleighbyrne/marker_finder_new_ws/install/realsense_pub_py/share/ament_index/resource_index/packages
copying package.xml -> /home/ryleighbyrne/marker_finder_new_ws/install/realsense_pub_py/share/realsense_pub_py
running install_egg_info
Copying ../../build/realsense_pub_py/realsense_pub_py.egg-info to /home/ryleighbyrne/marker_finder_new_ws/install/realsense_pub_py/lib/python3.10/site-packages/realsense_pub_py-0.0.0-py3.10.egg-info
running install_scripts
Installing publisher_node script to /home/ryleighbyrne/marker_finder_new_ws/install/realsense_pub_py/lib/realsense_pub_py
writing list of installed files to '/home/ryleighbyrne/marker_finder_new_ws/build/realsense_pub_py/install.log'
