[0.394s] Invoking command in '/home/ryleighbyrne/marker_finder_new_ws/src/realsense_pub_py': CONDA_PROMPT_MODIFIER=(base) PYTHONPATH=/home/ryleighbyrne/marker_finder_new_ws/build/realsense_pub_py/prefix_override:/usr/lib/python3/dist-packages/colcon_core/task/python/colcon_distutils_commands:/home/ryleighbyrne/marker_finder_new_ws/install/realsense_pub_py/lib/python3.10/site-packages:${PYTHONPATH} /usr/bin/python3 -W ignore:setup.py install is deprecated -W ignore:easy_install command is deprecated setup.py egg_info --egg-base ../../build/realsense_pub_py build --build-base /home/ryleighbyrne/marker_finder_new_ws/build/realsense_pub_py/build install --record /home/ryleighbyrne/marker_finder_new_ws/build/realsense_pub_py/install.log --single-version-externally-managed install_data
[0.531s] running egg_info
[0.539s] writing ../../build/realsense_pub_py/realsense_pub_py.egg-info/PKG-INFO
[0.540s] writing dependency_links to ../../build/realsense_pub_py/realsense_pub_py.egg-info/dependency_links.txt
[0.540s] writing entry points to ../../build/realsense_pub_py/realsense_pub_py.egg-info/entry_points.txt
[0.540s] writing requirements to ../../build/realsense_pub_py/realsense_pub_py.egg-info/requires.txt
[0.540s] writing top-level names to ../../build/realsense_pub_py/realsense_pub_py.egg-info/top_level.txt
[0.556s] reading manifest file '../../build/realsense_pub_py/realsense_pub_py.egg-info/SOURCES.txt'
[0.556s] writing manifest file '../../build/realsense_pub_py/realsense_pub_py.egg-info/SOURCES.txt'
[0.556s] running build
[0.557s] running build_py
[0.557s] copying realsense_pub_py/marker_finder_publisher.py -> /home/ryleighbyrne/marker_finder_new_ws/build/realsense_pub_py/build/lib/realsense_pub_py
[0.557s] copying realsense_pub_py/__init__.py -> /home/ryleighbyrne/marker_finder_new_ws/build/realsense_pub_py/build/lib/realsense_pub_py
[0.557s] copying realsense_pub_py/marker_finder_subscriber.py -> /home/ryleighbyrne/marker_finder_new_ws/build/realsense_pub_py/build/lib/realsense_pub_py
[0.557s] running install
[0.560s] running install_lib
[0.567s] copying /home/ryleighbyrne/marker_finder_new_ws/build/realsense_pub_py/build/lib/realsense_pub_py/marker_finder_subscriber.py -> /home/ryleighbyrne/marker_finder_new_ws/install/realsense_pub_py/lib/python3.10/site-packages/realsense_pub_py
[0.567s] byte-compiling /home/ryleighbyrne/marker_finder_new_ws/install/realsense_pub_py/lib/python3.10/site-packages/realsense_pub_py/marker_finder_subscriber.py to marker_finder_subscriber.cpython-310.pyc
[0.568s] running install_data
[0.568s] copying resource/realsense_pub_py -> /home/ryleighbyrne/marker_finder_new_ws/install/realsense_pub_py/share/ament_index/resource_index/packages
[0.568s] copying package.xml -> /home/ryleighbyrne/marker_finder_new_ws/install/realsense_pub_py/share/realsense_pub_py
[0.568s] running install_egg_info
[0.577s] removing '/home/ryleighbyrne/marker_finder_new_ws/install/realsense_pub_py/lib/python3.10/site-packages/realsense_pub_py-0.0.0-py3.10.egg-info' (and everything under it)
[0.577s] Copying ../../build/realsense_pub_py/realsense_pub_py.egg-info to /home/ryleighbyrne/marker_finder_new_ws/install/realsense_pub_py/lib/python3.10/site-packages/realsense_pub_py-0.0.0-py3.10.egg-info
[0.577s] running install_scripts
[0.644s] Installing publisher_node script to /home/ryleighbyrne/marker_finder_new_ws/install/realsense_pub_py/lib/realsense_pub_py
[0.644s] Installing subscriber_node script to /home/ryleighbyrne/marker_finder_new_ws/install/realsense_pub_py/lib/realsense_pub_py
[0.644s] writing list of installed files to '/home/ryleighbyrne/marker_finder_new_ws/build/realsense_pub_py/install.log'
[0.658s] Invoked command in '/home/ryleighbyrne/marker_finder_new_ws/src/realsense_pub_py' returned '0': CONDA_PROMPT_MODIFIER=(base) PYTHONPATH=/home/ryleighbyrne/marker_finder_new_ws/build/realsense_pub_py/prefix_override:/usr/lib/python3/dist-packages/colcon_core/task/python/colcon_distutils_commands:/home/ryleighbyrne/marker_finder_new_ws/install/realsense_pub_py/lib/python3.10/site-packages:${PYTHONPATH} /usr/bin/python3 -W ignore:setup.py install is deprecated -W ignore:easy_install command is deprecated setup.py egg_info --egg-base ../../build/realsense_pub_py build --build-base /home/ryleighbyrne/marker_finder_new_ws/build/realsense_pub_py/build install --record /home/ryleighbyrne/marker_finder_new_ws/build/realsense_pub_py/install.log --single-version-externally-managed install_data
